e:\c++\myscreenshot\cscreenshot\x64\debug\qrc_resource.obj
e:\c++\myscreenshot\cscreenshot\x64\debug\moc_qxtglobalshortcut.obj
e:\c++\myscreenshot\cscreenshot\x64\debug\moc_cqthreadcilck.obj
e:\c++\myscreenshot\cscreenshot\x64\debug\moc_ccanvas.obj
e:\c++\myscreenshot\cscreenshot\x64\debug\moc_cscreenshot.obj
e:\c++\myscreenshot\cscreenshot\x64\debug\moc_csetpen.obj
e:\c++\myscreenshot\cscreenshot\x64\debug\moc_coptionbox.obj
e:\c++\myscreenshot\cscreenshot\x64\debug\qxtglobal.obj
e:\c++\myscreenshot\cscreenshot\x64\debug\qxtglobalshortcut_win.obj
e:\c++\myscreenshot\cscreenshot\x64\debug\qxtwindowsystem_win.obj
e:\c++\myscreenshot\cscreenshot\x64\debug\cqthreadcilck.obj
e:\c++\myscreenshot\cscreenshot\x64\debug\main.obj
e:\c++\myscreenshot\cscreenshot\x64\debug\qxtglobalshortcut.obj
e:\c++\myscreenshot\cscreenshot\x64\debug\qxtwindowsystem.obj
e:\c++\myscreenshot\cscreenshot\x64\debug\cscreenshot.obj
e:\c++\myscreenshot\cscreenshot\x64\debug\coptionbox.obj
e:\c++\myscreenshot\cscreenshot\x64\debug\csetpen.obj
e:\c++\myscreenshot\cscreenshot\x64\debug\ccanvas.obj
e:\c++\myscreenshot\cscreenshot\x64\debug\vc142.pdb
e:\c++\myscreenshot\cscreenshot\x64\debug\uic\ui_ccanvas.h
e:\c++\myscreenshot\cscreenshot\x64\debug\uic\ui_cscreenshot.h
e:\c++\myscreenshot\cscreenshot\x64\debug\rcc\qrc_resource.cpp
e:\c++\myscreenshot\cscreenshot\x64\debug\moc\moc_cscreenshot.cpp
e:\c++\myscreenshot\cscreenshot\x64\debug\moc\moc_ccanvas.cpp
e:\c++\myscreenshot\cscreenshot\x64\debug\moc\moc_coptionbox.cpp
e:\c++\myscreenshot\cscreenshot\x64\debug\moc\moc_cqthreadcilck.cpp
e:\c++\myscreenshot\cscreenshot\x64\debug\moc\moc_csetpen.cpp
e:\c++\myscreenshot\cscreenshot\x64\debug\moc\moc_qxtglobalshortcut.cpp
e:\c++\myscreenshot\cscreenshot\x64\debug\cscreenshot.lib
e:\c++\myscreenshot\cscreenshot\x64\debug\cscreenshot.exp
e:\c++\myscreenshot\cscreenshot\x64\debug\cscreenshot.exe
e:\c++\myscreenshot\cscreenshot\x64\debug\cscreenshot.ilk
e:\c++\myscreenshot\cscreenshot\x64\debug\cscreenshot.pdb
e:\c++\myscreenshot\cscreenshot\x64\debug\cscreenshot.tlog\cl.command.1.tlog
e:\c++\myscreenshot\cscreenshot\x64\debug\cscreenshot.tlog\cl.read.1.tlog
e:\c++\myscreenshot\cscreenshot\x64\debug\cscreenshot.tlog\cl.write.1.tlog
e:\c++\myscreenshot\cscreenshot\x64\debug\cscreenshot.tlog\cscreenshot.write.1u.tlog
e:\c++\myscreenshot\cscreenshot\x64\debug\cscreenshot.tlog\link.command.1.tlog
e:\c++\myscreenshot\cscreenshot\x64\debug\cscreenshot.tlog\link.read.1.tlog
e:\c++\myscreenshot\cscreenshot\x64\debug\cscreenshot.tlog\link.write.1.tlog
e:\c++\myscreenshot\cscreenshot\x64\debug\cscreenshot.tlog\moc.read.1u.tlog
e:\c++\myscreenshot\cscreenshot\x64\debug\cscreenshot.tlog\moc.write.1u.tlog
e:\c++\myscreenshot\cscreenshot\x64\debug\cscreenshot.tlog\rcc.read.1u.tlog
e:\c++\myscreenshot\cscreenshot\x64\debug\cscreenshot.tlog\rcc.write.1u.tlog
e:\c++\myscreenshot\cscreenshot\x64\debug\cscreenshot.tlog\uic.read.1u.tlog
e:\c++\myscreenshot\cscreenshot\x64\debug\cscreenshot.tlog\uic.write.1u.tlog
